<?xml version="1.0" encoding="UTF-8"?>
<!-- Generated by org.testng.reporters.JUnitXMLReporter -->
<testsuite hostname="DESKTOP-QUFA5SU" ignored="0" name="Demo" tests="1" failures="1" timestamp="03 May 2020 16:29:15 GMT" time="0.55" errors="0">
  <testcase name="feature" time="0.296" classname="com.impiger.freshbeniesmobile.runner.TestRunner">
    <failure type="cucumber.runtime.CucumberException" message="java.lang.NullPointerException">
      <![CDATA[cucumber.runtime.CucumberException: java.lang.NullPointerException
at cucumber.api.testng.TestNGCucumberRunner.runCucumber(TestNGCucumberRunner.java:69)
at com.impiger.freshbeniesmobile.runner.TestRunner.feature(TestRunner.java:46)
Caused by: java.lang.NullPointerException
at com.impiger.freshbeniesmobile.pages.BasePage.capabilities(BasePage.java:111)
at com.impiger.freshbeniesmobile.stepDefinitions.LoginPageSteps.app_is_opened_and_in_login_page(LoginPageSteps.java:57)
at ✽.Given app is opened and in login page(01LoginPage.feature:6)
... Removed 25 stack frames]]>
    </failure>
  </testcase> <!-- feature -->
</testsuite> <!-- Demo -->
