<?xml version="1.0" encoding="UTF-8"?>
<!-- Generated by org.testng.reporters.JUnitXMLReporter -->
<testsuite hostname="DESKTOP-QUFA5SU" ignored="0" name="MotoG5Plus" tests="3" failures="0" timestamp="06 Jul 2020 11:48:12 GMT" time="115.444" errors="0">
  <testcase name="scenario" time="31.311" classname="com.impiger.freshbeniesmobile.runner.RunnerBase"/>
  <testcase name="scenario" time="16.149" classname="com.impiger.freshbeniesmobile.runner.RunnerBase"/>
  <testcase name="scenario" time="31.947" classname="com.impiger.freshbeniesmobile.runner.RunnerBase"/>
</testsuite> <!-- MotoG5Plus -->
