<?xml version="1.0" encoding="UTF-8"?>
<!-- Generated by org.testng.reporters.JUnitXMLReporter -->
<testsuite hostname="DESKTOP-QUFA5SU" ignored="0" name="Android_v10" tests="3" failures="0" timestamp="08 Jul 2020 10:17:22 GMT" time="162.156" errors="0">
  <testcase name="scenario" time="45.731" classname="com.impiger.freshbeniesmobile.runner.RunnerBase"/>
  <testcase name="scenario" time="20.367" classname="com.impiger.freshbeniesmobile.runner.RunnerBase"/>
  <testcase name="scenario" time="37.409" classname="com.impiger.freshbeniesmobile.runner.RunnerBase"/>
</testsuite> <!-- Android_v10 -->
