<?xml version="1.0" encoding="UTF-8"?>
<!-- Generated by org.testng.reporters.JUnitXMLReporter -->
<testsuite hostname="DESKTOP-QUFA5SU" ignored="0" name="MotoG5Plus" tests="3" failures="0" timestamp="08 Jul 2020 10:17:16 GMT" time="155.507" errors="0">
  <testcase name="scenario" time="40.784" classname="com.impiger.freshbeniesmobile.runner.RunnerBase"/>
  <testcase name="scenario" time="18.625" classname="com.impiger.freshbeniesmobile.runner.RunnerBase"/>
  <testcase name="scenario" time="33.048" classname="com.impiger.freshbeniesmobile.runner.RunnerBase"/>
</testsuite> <!-- MotoG5Plus -->
