<?xml version="1.0" encoding="UTF-8"?>
<testng-results skipped="0" failed="0" ignored="0" total="3" passed="3">
  <reporter-output>
  </reporter-output>
  <suite name="Suite" duration-ms="115444" started-at="2020-07-06T11:46:16Z" finished-at="2020-07-06T11:48:12Z">
    <groups>
      <group name="cucumber">
        <method signature="RunnerBase.scenario(io.cucumber.testng.PickleWrapper, io.cucumber.testng.FeatureWrapper)[pri:0, instance:com.impiger.freshbeniesmobile.runner.MotoG5PlusTestNGRunnerTest@78c03f1f]" name="scenario" class="com.impiger.freshbeniesmobile.runner.RunnerBase"/>
      </group> <!-- cucumber -->
    </groups>
    <test name="MotoG5Plus" duration-ms="115444" started-at="2020-07-06T11:46:16Z" finished-at="2020-07-06T11:48:12Z">
      <class name="com.impiger.freshbeniesmobile.runner.MotoG5PlusTestNGRunnerTest">
        <test-method status="PASS" signature="setUpClass(java.lang.String, java.lang.String, java.lang.String, java.lang.String, java.lang.String, java.lang.String, java.lang.String)[pri:0, instance:com.impiger.freshbeniesmobile.runner.MotoG5PlusTestNGRunnerTest@78c03f1f]" name="setUpClass" is-config="true" duration-ms="33541" started-at="2020-07-06T11:46:16Z" finished-at="2020-07-06T11:46:50Z">
          <params>
            <param index="0">
              <value>
                <![CDATA[Android]]>
              </value>
            </param>
            <param index="1">
              <value>
                <![CDATA[ZY223ZNQXX]]>
              </value>
            </param>
            <param index="2">
              <value>
                <![CDATA[MotoG5Plus]]>
              </value>
            </param>
            <param index="3">
              <value>
                <![CDATA[10001]]>
              </value>
            </param>
            <param index="4">
              <value>
                <![CDATA[11001]]>
              </value>
            </param>
            <param index="5">
              <value>
                <![CDATA[iOS]]>
              </value>
            </param>
            <param index="6">
              <value>
                <![CDATA[iOS]]>
              </value>
            </param>
          </params>
          <reporter-output>
          </reporter-output>
        </test-method> <!-- setUpClass -->
        <test-method status="PASS" signature="scenario(io.cucumber.testng.PickleWrapper, io.cucumber.testng.FeatureWrapper)[pri:0, instance:com.impiger.freshbeniesmobile.runner.MotoG5PlusTestNGRunnerTest@78c03f1f]" name="scenario" duration-ms="31311" started-at="2020-07-06T11:46:50Z" description="Runs Cucumber Scenarios" data-provider="scenarios" finished-at="2020-07-06T11:47:21Z">
          <params>
            <param index="0">
              <value>
                <![CDATA["Validate login functionality with incorrect credentials"]]>
              </value>
            </param>
            <param index="1">
              <value>
                <![CDATA["Freshbenies Login Page Test"]]>
              </value>
            </param>
          </params>
          <reporter-output>
          </reporter-output>
        </test-method> <!-- scenario -->
        <test-method status="PASS" signature="scenario(io.cucumber.testng.PickleWrapper, io.cucumber.testng.FeatureWrapper)[pri:0, instance:com.impiger.freshbeniesmobile.runner.MotoG5PlusTestNGRunnerTest@78c03f1f]" name="scenario" duration-ms="16149" started-at="2020-07-06T11:47:21Z" description="Runs Cucumber Scenarios" data-provider="scenarios" finished-at="2020-07-06T11:47:37Z">
          <params>
            <param index="0">
              <value>
                <![CDATA["Validate forgotpassword link presence"]]>
              </value>
            </param>
            <param index="1">
              <value>
                <![CDATA["Freshbenies Login Page Test"]]>
              </value>
            </param>
          </params>
          <reporter-output>
          </reporter-output>
        </test-method> <!-- scenario -->
        <test-method status="PASS" signature="scenario(io.cucumber.testng.PickleWrapper, io.cucumber.testng.FeatureWrapper)[pri:0, instance:com.impiger.freshbeniesmobile.runner.MotoG5PlusTestNGRunnerTest@78c03f1f]" name="scenario" duration-ms="31947" started-at="2020-07-06T11:47:37Z" description="Runs Cucumber Scenarios" data-provider="scenarios" finished-at="2020-07-06T11:48:09Z">
          <params>
            <param index="0">
              <value>
                <![CDATA["Validate login functionality with correct credentials"]]>
              </value>
            </param>
            <param index="1">
              <value>
                <![CDATA["Freshbenies Login Page Test"]]>
              </value>
            </param>
          </params>
          <reporter-output>
          </reporter-output>
        </test-method> <!-- scenario -->
        <test-method status="PASS" signature="tearDownClass()[pri:0, instance:com.impiger.freshbeniesmobile.runner.MotoG5PlusTestNGRunnerTest@78c03f1f]" name="tearDownClass" is-config="true" duration-ms="2475" started-at="2020-07-06T11:48:09Z" finished-at="2020-07-06T11:48:12Z">
          <reporter-output>
          </reporter-output>
        </test-method> <!-- tearDownClass -->
      </class> <!-- com.impiger.freshbeniesmobile.runner.MotoG5PlusTestNGRunnerTest -->
    </test> <!-- MotoG5Plus -->
  </suite> <!-- Suite -->
</testng-results>
